running develop
running egg_info
writing depth_map.egg-info/PKG-INFO
writing dependency_links to depth_map.egg-info/dependency_links.txt
writing entry points to depth_map.egg-info/entry_points.txt
writing requirements to depth_map.egg-info/requires.txt
writing top-level names to depth_map.egg-info/top_level.txt
reading manifest file 'depth_map.egg-info/SOURCES.txt'
writing manifest file 'depth_map.egg-info/SOURCES.txt'
running build_ext
Creating /home/go/ros2_ws/src/depth_map/install/depth_map/lib/python3.10/site-packages/depth-map.egg-link (link to .)
Installing depth_map_node script to /home/go/ros2_ws/src/depth_map/install/depth_map/lib/depth_map
Installing filter_node script to /home/go/ros2_ws/src/depth_map/install/depth_map/lib/depth_map
Installing point_map_node script to /home/go/ros2_ws/src/depth_map/install/depth_map/lib/depth_map
Installing pointcloud_2d_map_node script to /home/go/ros2_ws/src/depth_map/install/depth_map/lib/depth_map

Installed /home/go/ros2_ws/src/depth_map/build/depth_map
running symlink_data
symbolically linking /home/go/ros2_ws/src/depth_map/build/depth_map/resource/depth_map -> /home/go/ros2_ws/src/depth_map/install/depth_map/share/ament_index/resource_index/packages
symbolically linking /home/go/ros2_ws/src/depth_map/build/depth_map/package.xml -> /home/go/ros2_ws/src/depth_map/install/depth_map/share/depth_map
symbolically linking /home/go/ros2_ws/src/depth_map/build/depth_map/launch/depth_map.launch.py -> /home/go/ros2_ws/src/depth_map/install/depth_map/share/depth_map/launch
symbolically linking /home/go/ros2_ws/src/depth_map/build/depth_map/launch/point.launch.py -> /home/go/ros2_ws/src/depth_map/install/depth_map/share/depth_map/launch
symbolically linking /home/go/ros2_ws/src/depth_map/build/depth_map/launch/octomap.launch.py -> /home/go/ros2_ws/src/depth_map/install/depth_map/share/depth_map/launch
