[0.394s] Invoking command in '/home/go/ros2_ws/src/human_tracker': PYTHONPATH=/home/go/ros2_ws/src/human_tracker/build/human_tracker/prefix_override:/usr/lib/python3/dist-packages/colcon_core/task/python/colcon_distutils_commands:/home/go/ros2_ws/src/human_tracker/install/human_tracker/lib/python3.10/site-packages:${PYTHONPATH} /usr/bin/python3 -W ignore:setup.py install is deprecated -W ignore:easy_install command is deprecated setup.py egg_info --egg-base build/human_tracker build --build-base /home/go/ros2_ws/src/human_tracker/build/human_tracker/build install --record /home/go/ros2_ws/src/human_tracker/build/human_tracker/install.log --single-version-externally-managed install_data
[0.544s] running egg_info
[0.544s] writing build/human_tracker/human_tracker.egg-info/PKG-INFO
[0.544s] writing dependency_links to build/human_tracker/human_tracker.egg-info/dependency_links.txt
[0.545s] writing entry points to build/human_tracker/human_tracker.egg-info/entry_points.txt
[0.545s] writing requirements to build/human_tracker/human_tracker.egg-info/requires.txt
[0.545s] writing top-level names to build/human_tracker/human_tracker.egg-info/top_level.txt
[0.546s] reading manifest file 'build/human_tracker/human_tracker.egg-info/SOURCES.txt'
[0.546s] adding license file 'LICENSE'
[0.546s] writing manifest file 'build/human_tracker/human_tracker.egg-info/SOURCES.txt'
[0.546s] running build
[0.546s] running build_py
[0.546s] copying human_tracker/path_follower_node.py -> /home/go/ros2_ws/src/human_tracker/build/human_tracker/build/lib/human_tracker
[0.547s] copying human_tracker/user_goal_planner_safe.py -> /home/go/ros2_ws/src/human_tracker/build/human_tracker/build/lib/human_tracker
[0.547s] running install
[0.547s] running install_lib
[0.547s] copying /home/go/ros2_ws/src/human_tracker/build/human_tracker/build/lib/human_tracker/path_follower_node.py -> /home/go/ros2_ws/src/human_tracker/install/human_tracker/lib/python3.10/site-packages/human_tracker
[0.547s] copying /home/go/ros2_ws/src/human_tracker/build/human_tracker/build/lib/human_tracker/user_goal_planner_safe.py -> /home/go/ros2_ws/src/human_tracker/install/human_tracker/lib/python3.10/site-packages/human_tracker
[0.548s] byte-compiling /home/go/ros2_ws/src/human_tracker/install/human_tracker/lib/python3.10/site-packages/human_tracker/path_follower_node.py to path_follower_node.cpython-310.pyc
[0.549s] byte-compiling /home/go/ros2_ws/src/human_tracker/install/human_tracker/lib/python3.10/site-packages/human_tracker/user_goal_planner_safe.py to user_goal_planner_safe.cpython-310.pyc
[0.550s] running install_data
[0.550s] copying launch/run_all.launch.py -> /home/go/ros2_ws/src/human_tracker/install/human_tracker/share/human_tracker/launch
[0.551s] running install_egg_info
[0.552s] removing '/home/go/ros2_ws/src/human_tracker/install/human_tracker/lib/python3.10/site-packages/human_tracker-0.1.0-py3.10.egg-info' (and everything under it)
[0.552s] Copying build/human_tracker/human_tracker.egg-info to /home/go/ros2_ws/src/human_tracker/install/human_tracker/lib/python3.10/site-packages/human_tracker-0.1.0-py3.10.egg-info
[0.552s] running install_scripts
[0.566s] Installing human_tracker_node script to /home/go/ros2_ws/src/human_tracker/install/human_tracker/lib/human_tracker
[0.566s] Installing path_follower_node script to /home/go/ros2_ws/src/human_tracker/install/human_tracker/lib/human_tracker
[0.566s] Installing user_goal_planner script to /home/go/ros2_ws/src/human_tracker/install/human_tracker/lib/human_tracker
[0.567s] Installing user_goal_planner_safe script to /home/go/ros2_ws/src/human_tracker/install/human_tracker/lib/human_tracker
[0.567s] writing list of installed files to '/home/go/ros2_ws/src/human_tracker/build/human_tracker/install.log'
[0.582s] Invoked command in '/home/go/ros2_ws/src/human_tracker' returned '0': PYTHONPATH=/home/go/ros2_ws/src/human_tracker/build/human_tracker/prefix_override:/usr/lib/python3/dist-packages/colcon_core/task/python/colcon_distutils_commands:/home/go/ros2_ws/src/human_tracker/install/human_tracker/lib/python3.10/site-packages:${PYTHONPATH} /usr/bin/python3 -W ignore:setup.py install is deprecated -W ignore:easy_install command is deprecated setup.py egg_info --egg-base build/human_tracker build --build-base /home/go/ros2_ws/src/human_tracker/build/human_tracker/build install --record /home/go/ros2_ws/src/human_tracker/build/human_tracker/install.log --single-version-externally-managed install_data
