[0.375s] Invoking command in '/home/go/ros2_ws/src/depth_map': PYTHONPATH=/home/go/ros2_ws/src/depth_map/build/depth_map/prefix_override:/usr/lib/python3/dist-packages/colcon_core/task/python/colcon_distutils_commands:/home/go/ros2_ws/src/depth_map/install/depth_map/lib/python3.10/site-packages:${PYTHONPATH} /usr/bin/python3 -W ignore:setup.py install is deprecated -W ignore:easy_install command is deprecated setup.py egg_info --egg-base build/depth_map build --build-base /home/go/ros2_ws/src/depth_map/build/depth_map/build install --record /home/go/ros2_ws/src/depth_map/build/depth_map/install.log --single-version-externally-managed install_data
[0.510s] running egg_info
[0.510s] writing build/depth_map/depth_map.egg-info/PKG-INFO
[0.510s] writing dependency_links to build/depth_map/depth_map.egg-info/dependency_links.txt
[0.510s] writing entry points to build/depth_map/depth_map.egg-info/entry_points.txt
[0.510s] writing requirements to build/depth_map/depth_map.egg-info/requires.txt
[0.510s] writing top-level names to build/depth_map/depth_map.egg-info/top_level.txt
[0.511s] reading manifest file 'build/depth_map/depth_map.egg-info/SOURCES.txt'
[0.512s] writing manifest file 'build/depth_map/depth_map.egg-info/SOURCES.txt'
[0.512s] running build
[0.512s] running build_py
[0.512s] copying depth_map/pointcloud_to_2d_map_node.py -> /home/go/ros2_ws/src/depth_map/build/depth_map/build/lib/depth_map
[0.512s] running install
[0.513s] running install_lib
[0.513s] copying /home/go/ros2_ws/src/depth_map/build/depth_map/build/lib/depth_map/pointcloud_to_2d_map_node.py -> /home/go/ros2_ws/src/depth_map/install/depth_map/lib/python3.10/site-packages/depth_map
[0.513s] byte-compiling /home/go/ros2_ws/src/depth_map/install/depth_map/lib/python3.10/site-packages/depth_map/pointcloud_to_2d_map_node.py to pointcloud_to_2d_map_node.cpython-310.pyc
[0.515s] running install_data
[0.515s] running install_egg_info
[0.516s] removing '/home/go/ros2_ws/src/depth_map/install/depth_map/lib/python3.10/site-packages/depth_map-0.0.0-py3.10.egg-info' (and everything under it)
[0.516s] Copying build/depth_map/depth_map.egg-info to /home/go/ros2_ws/src/depth_map/install/depth_map/lib/python3.10/site-packages/depth_map-0.0.0-py3.10.egg-info
[0.517s] running install_scripts
[0.529s] Installing depth_map_node script to /home/go/ros2_ws/src/depth_map/install/depth_map/lib/depth_map
[0.529s] Installing filter_node script to /home/go/ros2_ws/src/depth_map/install/depth_map/lib/depth_map
[0.529s] Installing point_map_node script to /home/go/ros2_ws/src/depth_map/install/depth_map/lib/depth_map
[0.529s] Installing pointcloud_2d_map_node script to /home/go/ros2_ws/src/depth_map/install/depth_map/lib/depth_map
[0.529s] writing list of installed files to '/home/go/ros2_ws/src/depth_map/build/depth_map/install.log'
[0.546s] Invoked command in '/home/go/ros2_ws/src/depth_map' returned '0': PYTHONPATH=/home/go/ros2_ws/src/depth_map/build/depth_map/prefix_override:/usr/lib/python3/dist-packages/colcon_core/task/python/colcon_distutils_commands:/home/go/ros2_ws/src/depth_map/install/depth_map/lib/python3.10/site-packages:${PYTHONPATH} /usr/bin/python3 -W ignore:setup.py install is deprecated -W ignore:easy_install command is deprecated setup.py egg_info --egg-base build/depth_map build --build-base /home/go/ros2_ws/src/depth_map/build/depth_map/build install --record /home/go/ros2_ws/src/depth_map/build/depth_map/install.log --single-version-externally-managed install_data
