[0.388s] Invoking command in '/home/go/ros2_ws/src/depth_map': PYTHONPATH=/home/go/ros2_ws/src/depth_map/build/depth_map/prefix_override:/usr/lib/python3/dist-packages/colcon_core/task/python/colcon_distutils_commands:/home/go/ros2_ws/src/depth_map/install/depth_map/lib/python3.10/site-packages:${PYTHONPATH} /usr/bin/python3 -W ignore:setup.py install is deprecated -W ignore:easy_install command is deprecated setup.py egg_info --egg-base build/depth_map build --build-base /home/go/ros2_ws/src/depth_map/build/depth_map/build install --record /home/go/ros2_ws/src/depth_map/build/depth_map/install.log --single-version-externally-managed install_data
[0.535s] running egg_info
[0.535s] writing build/depth_map/depth_map.egg-info/PKG-INFO
[0.535s] writing dependency_links to build/depth_map/depth_map.egg-info/dependency_links.txt
[0.536s] writing entry points to build/depth_map/depth_map.egg-info/entry_points.txt
[0.536s] writing requirements to build/depth_map/depth_map.egg-info/requires.txt
[0.536s] writing top-level names to build/depth_map/depth_map.egg-info/top_level.txt
[0.537s] reading manifest file 'build/depth_map/depth_map.egg-info/SOURCES.txt'
[0.537s] writing manifest file 'build/depth_map/depth_map.egg-info/SOURCES.txt'
[0.537s] running build
[0.537s] running build_py
[0.537s] copying depth_map/filter.py -> /home/go/ros2_ws/src/depth_map/build/depth_map/build/lib/depth_map
[0.538s] running install
[0.538s] running install_lib
[0.538s] copying /home/go/ros2_ws/src/depth_map/build/depth_map/build/lib/depth_map/filter.py -> /home/go/ros2_ws/src/depth_map/install/depth_map/lib/python3.10/site-packages/depth_map
[0.539s] byte-compiling /home/go/ros2_ws/src/depth_map/install/depth_map/lib/python3.10/site-packages/depth_map/filter.py to filter.cpython-310.pyc
[0.539s] running install_data
[0.539s] running install_egg_info
[0.540s] removing '/home/go/ros2_ws/src/depth_map/install/depth_map/lib/python3.10/site-packages/depth_map-0.0.0-py3.10.egg-info' (and everything under it)
[0.541s] Copying build/depth_map/depth_map.egg-info to /home/go/ros2_ws/src/depth_map/install/depth_map/lib/python3.10/site-packages/depth_map-0.0.0-py3.10.egg-info
[0.541s] running install_scripts
[0.557s] Installing depth_map_node script to /home/go/ros2_ws/src/depth_map/install/depth_map/lib/depth_map
[0.558s] Installing filter_node script to /home/go/ros2_ws/src/depth_map/install/depth_map/lib/depth_map
[0.558s] Installing point_map_node script to /home/go/ros2_ws/src/depth_map/install/depth_map/lib/depth_map
[0.558s] Installing pointcloud_2d_map_node script to /home/go/ros2_ws/src/depth_map/install/depth_map/lib/depth_map
[0.558s] writing list of installed files to '/home/go/ros2_ws/src/depth_map/build/depth_map/install.log'
[0.575s] Invoked command in '/home/go/ros2_ws/src/depth_map' returned '0': PYTHONPATH=/home/go/ros2_ws/src/depth_map/build/depth_map/prefix_override:/usr/lib/python3/dist-packages/colcon_core/task/python/colcon_distutils_commands:/home/go/ros2_ws/src/depth_map/install/depth_map/lib/python3.10/site-packages:${PYTHONPATH} /usr/bin/python3 -W ignore:setup.py install is deprecated -W ignore:easy_install command is deprecated setup.py egg_info --egg-base build/depth_map build --build-base /home/go/ros2_ws/src/depth_map/build/depth_map/build install --record /home/go/ros2_ws/src/depth_map/build/depth_map/install.log --single-version-externally-managed install_data
