[0.350s] Invoking command in '/home/go/ros2_ws/src/human_tracker': PYTHONPATH=/home/go/ros2_ws/src/human_tracker/build/human_tracker/prefix_override:/usr/lib/python3/dist-packages/colcon_core/task/python/colcon_distutils_commands:/home/go/ros2_ws/src/human_tracker/install/human_tracker/lib/python3.10/site-packages:${PYTHONPATH} /usr/bin/python3 -W ignore:setup.py install is deprecated -W ignore:easy_install command is deprecated setup.py egg_info --egg-base build/human_tracker build --build-base /home/go/ros2_ws/src/human_tracker/build/human_tracker/build install --record /home/go/ros2_ws/src/human_tracker/build/human_tracker/install.log --single-version-externally-managed install_data
[0.492s] running egg_info
[0.492s] creating build/human_tracker/human_tracker.egg-info
[0.493s] writing build/human_tracker/human_tracker.egg-info/PKG-INFO
[0.493s] writing dependency_links to build/human_tracker/human_tracker.egg-info/dependency_links.txt
[0.493s] writing entry points to build/human_tracker/human_tracker.egg-info/entry_points.txt
[0.493s] writing requirements to build/human_tracker/human_tracker.egg-info/requires.txt
[0.493s] writing top-level names to build/human_tracker/human_tracker.egg-info/top_level.txt
[0.493s] writing manifest file 'build/human_tracker/human_tracker.egg-info/SOURCES.txt'
[0.494s] reading manifest file 'build/human_tracker/human_tracker.egg-info/SOURCES.txt'
[0.494s] adding license file 'LICENSE'
[0.494s] writing manifest file 'build/human_tracker/human_tracker.egg-info/SOURCES.txt'
[0.494s] running build
[0.494s] running build_py
[0.494s] creating /home/go/ros2_ws/src/human_tracker/build/human_tracker/build
[0.494s] creating /home/go/ros2_ws/src/human_tracker/build/human_tracker/build/lib
[0.494s] creating /home/go/ros2_ws/src/human_tracker/build/human_tracker/build/lib/human_tracker
[0.495s] copying human_tracker/path_follower_node.py -> /home/go/ros2_ws/src/human_tracker/build/human_tracker/build/lib/human_tracker
[0.495s] copying human_tracker/__init__.py -> /home/go/ros2_ws/src/human_tracker/build/human_tracker/build/lib/human_tracker
[0.495s] copying human_tracker/user_goal_planner_node.py -> /home/go/ros2_ws/src/human_tracker/build/human_tracker/build/lib/human_tracker
[0.495s] copying human_tracker/human_tracker_node.py -> /home/go/ros2_ws/src/human_tracker/build/human_tracker/build/lib/human_tracker
[0.495s] running install
[0.495s] running install_lib
[0.496s] creating /home/go/ros2_ws/src/human_tracker/install/human_tracker/lib/python3.10/site-packages/human_tracker
[0.496s] copying /home/go/ros2_ws/src/human_tracker/build/human_tracker/build/lib/human_tracker/path_follower_node.py -> /home/go/ros2_ws/src/human_tracker/install/human_tracker/lib/python3.10/site-packages/human_tracker
[0.496s] copying /home/go/ros2_ws/src/human_tracker/build/human_tracker/build/lib/human_tracker/__init__.py -> /home/go/ros2_ws/src/human_tracker/install/human_tracker/lib/python3.10/site-packages/human_tracker
[0.496s] copying /home/go/ros2_ws/src/human_tracker/build/human_tracker/build/lib/human_tracker/user_goal_planner_node.py -> /home/go/ros2_ws/src/human_tracker/install/human_tracker/lib/python3.10/site-packages/human_tracker
[0.496s] copying /home/go/ros2_ws/src/human_tracker/build/human_tracker/build/lib/human_tracker/human_tracker_node.py -> /home/go/ros2_ws/src/human_tracker/install/human_tracker/lib/python3.10/site-packages/human_tracker
[0.496s] byte-compiling /home/go/ros2_ws/src/human_tracker/install/human_tracker/lib/python3.10/site-packages/human_tracker/path_follower_node.py to path_follower_node.cpython-310.pyc
[0.497s] byte-compiling /home/go/ros2_ws/src/human_tracker/install/human_tracker/lib/python3.10/site-packages/human_tracker/__init__.py to __init__.cpython-310.pyc
[0.497s] byte-compiling /home/go/ros2_ws/src/human_tracker/install/human_tracker/lib/python3.10/site-packages/human_tracker/user_goal_planner_node.py to user_goal_planner_node.cpython-310.pyc
[0.498s] byte-compiling /home/go/ros2_ws/src/human_tracker/install/human_tracker/lib/python3.10/site-packages/human_tracker/human_tracker_node.py to human_tracker_node.cpython-310.pyc
[0.501s] running install_data
[0.501s] creating /home/go/ros2_ws/src/human_tracker/install/human_tracker/share/ament_index
[0.501s] creating /home/go/ros2_ws/src/human_tracker/install/human_tracker/share/ament_index/resource_index
[0.501s] creating /home/go/ros2_ws/src/human_tracker/install/human_tracker/share/ament_index/resource_index/packages
[0.501s] copying resource/human_tracker -> /home/go/ros2_ws/src/human_tracker/install/human_tracker/share/ament_index/resource_index/packages
[0.501s] copying package.xml -> /home/go/ros2_ws/src/human_tracker/install/human_tracker/share/human_tracker
[0.501s] creating /home/go/ros2_ws/src/human_tracker/install/human_tracker/share/human_tracker/launch
[0.501s] copying launch/run_all.launch.py -> /home/go/ros2_ws/src/human_tracker/install/human_tracker/share/human_tracker/launch
[0.501s] copying launch/test_timer.launch.py -> /home/go/ros2_ws/src/human_tracker/install/human_tracker/share/human_tracker/launch
[0.502s] creating /home/go/ros2_ws/src/human_tracker/install/human_tracker/share/human_tracker/config
[0.502s] copying config/nav2_params.yaml -> /home/go/ros2_ws/src/human_tracker/install/human_tracker/share/human_tracker/config
[0.502s] copying config/run_all.rviz -> /home/go/ros2_ws/src/human_tracker/install/human_tracker/share/human_tracker/config
[0.502s] running install_egg_info
[0.504s] Copying build/human_tracker/human_tracker.egg-info to /home/go/ros2_ws/src/human_tracker/install/human_tracker/lib/python3.10/site-packages/human_tracker-0.1.0-py3.10.egg-info
[0.504s] running install_scripts
[0.518s] Installing human_tracker_node script to /home/go/ros2_ws/src/human_tracker/install/human_tracker/lib/human_tracker
[0.518s] Installing path_follower_node script to /home/go/ros2_ws/src/human_tracker/install/human_tracker/lib/human_tracker
[0.518s] Installing user_goal_planner script to /home/go/ros2_ws/src/human_tracker/install/human_tracker/lib/human_tracker
[0.518s] writing list of installed files to '/home/go/ros2_ws/src/human_tracker/build/human_tracker/install.log'
[0.536s] Invoked command in '/home/go/ros2_ws/src/human_tracker' returned '0': PYTHONPATH=/home/go/ros2_ws/src/human_tracker/build/human_tracker/prefix_override:/usr/lib/python3/dist-packages/colcon_core/task/python/colcon_distutils_commands:/home/go/ros2_ws/src/human_tracker/install/human_tracker/lib/python3.10/site-packages:${PYTHONPATH} /usr/bin/python3 -W ignore:setup.py install is deprecated -W ignore:easy_install command is deprecated setup.py egg_info --egg-base build/human_tracker build --build-base /home/go/ros2_ws/src/human_tracker/build/human_tracker/build install --record /home/go/ros2_ws/src/human_tracker/build/human_tracker/install.log --single-version-externally-managed install_data
