[0.358s] Invoking command in '/home/go/ros2_ws/src/depth_map': PYTHONPATH=/home/go/ros2_ws/src/depth_map/build/depth_map/prefix_override:/usr/lib/python3/dist-packages/colcon_core/task/python/colcon_distutils_commands:/home/go/ros2_ws/src/depth_map/install/depth_map/lib/python3.10/site-packages:${PYTHONPATH} /usr/bin/python3 -W ignore:setup.py install is deprecated -W ignore:easy_install command is deprecated setup.py egg_info --egg-base build/depth_map build --build-base /home/go/ros2_ws/src/depth_map/build/depth_map/build install --record /home/go/ros2_ws/src/depth_map/build/depth_map/install.log --single-version-externally-managed install_data
[0.498s] running egg_info
[0.498s] writing build/depth_map/depth_map.egg-info/PKG-INFO
[0.498s] writing dependency_links to build/depth_map/depth_map.egg-info/dependency_links.txt
[0.498s] writing entry points to build/depth_map/depth_map.egg-info/entry_points.txt
[0.498s] writing requirements to build/depth_map/depth_map.egg-info/requires.txt
[0.498s] writing top-level names to build/depth_map/depth_map.egg-info/top_level.txt
[0.499s] reading manifest file 'build/depth_map/depth_map.egg-info/SOURCES.txt'
[0.500s] writing manifest file 'build/depth_map/depth_map.egg-info/SOURCES.txt'
[0.500s] running build
[0.500s] running build_py
[0.500s] copying depth_map/filter.py -> /home/go/ros2_ws/src/depth_map/build/depth_map/build/lib/depth_map
[0.500s] running install
[0.500s] running install_lib
[0.500s] copying /home/go/ros2_ws/src/depth_map/build/depth_map/build/lib/depth_map/filter.py -> /home/go/ros2_ws/src/depth_map/install/depth_map/lib/python3.10/site-packages/depth_map
[0.501s] byte-compiling /home/go/ros2_ws/src/depth_map/install/depth_map/lib/python3.10/site-packages/depth_map/filter.py to filter.cpython-310.pyc
[0.501s] running install_data
[0.502s] running install_egg_info
[0.503s] removing '/home/go/ros2_ws/src/depth_map/install/depth_map/lib/python3.10/site-packages/depth_map-0.0.0-py3.10.egg-info' (and everything under it)
[0.503s] Copying build/depth_map/depth_map.egg-info to /home/go/ros2_ws/src/depth_map/install/depth_map/lib/python3.10/site-packages/depth_map-0.0.0-py3.10.egg-info
[0.503s] running install_scripts
[0.515s] Installing depth_map_node script to /home/go/ros2_ws/src/depth_map/install/depth_map/lib/depth_map
[0.515s] Installing filter_node script to /home/go/ros2_ws/src/depth_map/install/depth_map/lib/depth_map
[0.515s] Installing point_map_node script to /home/go/ros2_ws/src/depth_map/install/depth_map/lib/depth_map
[0.515s] Installing pointcloud_2d_map_node script to /home/go/ros2_ws/src/depth_map/install/depth_map/lib/depth_map
[0.516s] writing list of installed files to '/home/go/ros2_ws/src/depth_map/build/depth_map/install.log'
[0.538s] Invoked command in '/home/go/ros2_ws/src/depth_map' returned '0': PYTHONPATH=/home/go/ros2_ws/src/depth_map/build/depth_map/prefix_override:/usr/lib/python3/dist-packages/colcon_core/task/python/colcon_distutils_commands:/home/go/ros2_ws/src/depth_map/install/depth_map/lib/python3.10/site-packages:${PYTHONPATH} /usr/bin/python3 -W ignore:setup.py install is deprecated -W ignore:easy_install command is deprecated setup.py egg_info --egg-base build/depth_map build --build-base /home/go/ros2_ws/src/depth_map/build/depth_map/build install --record /home/go/ros2_ws/src/depth_map/build/depth_map/install.log --single-version-externally-managed install_data
