[0.062s] DEBUG:colcon:Command line arguments: ['/usr/bin/colcon', 'build', '--symlink-install']
[0.062s] DEBUG:colcon:Parsed command line arguments: Namespace(log_base=None, log_level=None, verb_name='build', build_base='build', install_base='install', merge_install=False, symlink_install=True, test_result_base=None, continue_on_error=False, executor='parallel', parallel_workers=16, event_handlers=None, ignore_user_meta=False, metas=['./colcon.meta'], base_paths=['.'], packages_ignore=None, packages_ignore_regex=None, paths=None, packages_up_to=None, packages_up_to_regex=None, packages_above=None, packages_above_and_dependencies=None, packages_above_depth=None, packages_select_by_dep=None, packages_skip_by_dep=None, packages_skip_up_to=None, packages_select_build_failed=False, packages_skip_build_finished=False, packages_select_test_failures=False, packages_skip_test_passed=False, packages_select=None, packages_skip=None, packages_select_regex=None, packages_skip_regex=None, packages_start=None, packages_end=None, allow_overriding=[], cmake_args=None, cmake_target=None, cmake_target_skip_unavailable=False, cmake_clean_cache=False, cmake_clean_first=False, cmake_force_configure=False, ament_cmake_args=None, catkin_cmake_args=None, catkin_skip_building_tests=False, mixin_files=None, mixin=None, verb_parser=<colcon_mixin.mixin.mixin_argument.MixinArgumentDecorator object at 0x7a1a5cb72dd0>, verb_extension=<colcon_core.verb.build.BuildVerb object at 0x7a1a5cb72920>, main=<bound method BuildVerb.main of <colcon_core.verb.build.BuildVerb object at 0x7a1a5cb72920>>, mixin_verb=('build',))
[0.153s] Level 1:colcon.colcon_core.package_discovery:discover_packages(colcon_meta) check parameters
[0.153s] Level 1:colcon.colcon_core.package_discovery:discover_packages(recursive) check parameters
[0.153s] Level 1:colcon.colcon_core.package_discovery:discover_packages(ignore) check parameters
[0.153s] Level 1:colcon.colcon_core.package_discovery:discover_packages(path) check parameters
[0.153s] Level 1:colcon.colcon_core.package_discovery:discover_packages(colcon_meta) discover
[0.153s] Level 1:colcon.colcon_core.package_discovery:discover_packages(recursive) discover
[0.153s] INFO:colcon.colcon_core.package_discovery:Crawling recursively for packages in '/home/go/ros2_ws/src/human_tracker'
[0.153s] Level 1:colcon.colcon_core.package_identification:_identify(.) by extensions ['ignore', 'ignore_ament_install']
[0.153s] Level 1:colcon.colcon_core.package_identification:_identify(.) by extension 'ignore'
[0.153s] Level 1:colcon.colcon_core.package_identification:_identify(.) by extension 'ignore_ament_install'
[0.153s] Level 1:colcon.colcon_core.package_identification:_identify(.) by extensions ['colcon_pkg']
[0.153s] Level 1:colcon.colcon_core.package_identification:_identify(.) by extension 'colcon_pkg'
[0.153s] Level 1:colcon.colcon_core.package_identification:_identify(.) by extensions ['colcon_meta']
[0.153s] Level 1:colcon.colcon_core.package_identification:_identify(.) by extension 'colcon_meta'
[0.153s] Level 1:colcon.colcon_core.package_identification:_identify(.) by extensions ['ros']
[0.153s] Level 1:colcon.colcon_core.package_identification:_identify(.) by extension 'ros'
[0.167s] DEBUG:colcon.colcon_core.package_identification:Package '.' with type 'ros.ament_python' and name 'human_tracker'
[0.167s] Level 1:colcon.colcon_core.package_discovery:discover_packages(recursive) using defaults
[0.167s] Level 1:colcon.colcon_core.package_discovery:discover_packages(ignore) discover
[0.167s] Level 1:colcon.colcon_core.package_discovery:discover_packages(ignore) using defaults
[0.167s] Level 1:colcon.colcon_core.package_discovery:discover_packages(path) discover
[0.167s] Level 1:colcon.colcon_core.package_discovery:discover_packages(path) using defaults
[0.178s] Level 1:colcon.colcon_core.package_discovery:discover_packages(prefix_path) check parameters
[0.178s] Level 1:colcon.colcon_core.package_discovery:discover_packages(prefix_path) discover
[0.180s] DEBUG:colcon.colcon_installed_package_information.package_discovery:Found 1 installed packages in /home/go/ros2_ws/src/human_tracker/install
[0.180s] DEBUG:colcon.colcon_installed_package_information.package_discovery:Found 1 installed packages in /home/go/ros2_ws/src/depth_map/install
[0.180s] DEBUG:colcon.colcon_installed_package_information.package_discovery:Found 17 installed packages in /home/go/ros2_ws/install
[0.181s] DEBUG:colcon.colcon_installed_package_information.package_discovery:Found 3 installed packages in /home/go/motor_ws/install
[0.181s] DEBUG:colcon.colcon_installed_package_information.package_discovery:Found 0 installed packages in /home/go/install
[0.181s] DEBUG:colcon.colcon_installed_package_information.package_discovery:Found 1 installed packages in /home/go/ros2_ws/src/sim_test/install
[0.182s] DEBUG:colcon.colcon_installed_package_information.package_discovery:Found 340 installed packages in /opt/ros/humble
[0.183s] Level 1:colcon.colcon_core.package_discovery:discover_packages(prefix_path) using defaults
[0.205s] Level 5:colcon.colcon_core.verb:set package 'human_tracker' build argument 'cmake_args' from command line to 'None'
[0.205s] Level 5:colcon.colcon_core.verb:set package 'human_tracker' build argument 'cmake_target' from command line to 'None'
[0.205s] Level 5:colcon.colcon_core.verb:set package 'human_tracker' build argument 'cmake_target_skip_unavailable' from command line to 'False'
[0.205s] Level 5:colcon.colcon_core.verb:set package 'human_tracker' build argument 'cmake_clean_cache' from command line to 'False'
[0.205s] Level 5:colcon.colcon_core.verb:set package 'human_tracker' build argument 'cmake_clean_first' from command line to 'False'
[0.205s] Level 5:colcon.colcon_core.verb:set package 'human_tracker' build argument 'cmake_force_configure' from command line to 'False'
[0.205s] Level 5:colcon.colcon_core.verb:set package 'human_tracker' build argument 'ament_cmake_args' from command line to 'None'
[0.205s] Level 5:colcon.colcon_core.verb:set package 'human_tracker' build argument 'catkin_cmake_args' from command line to 'None'
[0.205s] Level 5:colcon.colcon_core.verb:set package 'human_tracker' build argument 'catkin_skip_building_tests' from command line to 'False'
[0.205s] DEBUG:colcon.colcon_core.verb:Building package 'human_tracker' with the following arguments: {'ament_cmake_args': None, 'build_base': '/home/go/ros2_ws/src/human_tracker/build/human_tracker', 'catkin_cmake_args': None, 'catkin_skip_building_tests': False, 'cmake_args': None, 'cmake_clean_cache': False, 'cmake_clean_first': False, 'cmake_force_configure': False, 'cmake_target': None, 'cmake_target_skip_unavailable': False, 'install_base': '/home/go/ros2_ws/src/human_tracker/install/human_tracker', 'merge_install': False, 'path': '/home/go/ros2_ws/src/human_tracker', 'symlink_install': True, 'test_result_base': None}
[0.206s] INFO:colcon.colcon_core.executor:Executing jobs using 'parallel' executor
[0.206s] DEBUG:colcon.colcon_parallel_executor.executor.parallel:run_until_complete
[0.206s] INFO:colcon.colcon_ros.task.ament_python.build:Building ROS package in '/home/go/ros2_ws/src/human_tracker' with build type 'ament_python'
[0.206s] Level 1:colcon.colcon_core.shell:create_environment_hook('human_tracker', 'ament_prefix_path')
[0.208s] INFO:colcon.colcon_core.plugin_system:Skipping extension 'colcon_core.shell.bat': Not used on non-Windows systems
[0.208s] INFO:colcon.colcon_core.shell:Creating environment hook '/home/go/ros2_ws/src/human_tracker/install/human_tracker/share/human_tracker/hook/ament_prefix_path.ps1'
[0.208s] INFO:colcon.colcon_core.shell:Creating environment descriptor '/home/go/ros2_ws/src/human_tracker/install/human_tracker/share/human_tracker/hook/ament_prefix_path.dsv'
[0.209s] INFO:colcon.colcon_core.shell:Creating environment hook '/home/go/ros2_ws/src/human_tracker/install/human_tracker/share/human_tracker/hook/ament_prefix_path.sh'
[0.209s] INFO:colcon.colcon_core.shell:Skip shell extension 'powershell' for command environment: Not usable outside of PowerShell
[0.209s] DEBUG:colcon.colcon_core.shell:Skip shell extension 'dsv' for command environment
[0.379s] INFO:colcon.colcon_core.task.python.build:Building Python package in '/home/go/ros2_ws/src/human_tracker'
[0.379s] INFO:colcon.colcon_core.shell:Skip shell extension 'powershell' for command environment: Not usable outside of PowerShell
[0.379s] DEBUG:colcon.colcon_core.shell:Skip shell extension 'dsv' for command environment
[0.594s] DEBUG:colcon.colcon_core.event_handler.log_command:Invoking command in '/home/go/ros2_ws/src/human_tracker/build/human_tracker': PYTHONPATH=/home/go/ros2_ws/src/human_tracker/build/human_tracker/prefix_override:/usr/lib/python3/dist-packages/colcon_core/task/python/colcon_distutils_commands:/home/go/ros2_ws/src/human_tracker/install/human_tracker/lib/python3.10/site-packages:${PYTHONPATH} /usr/bin/python3 -W ignore:setup.py install is deprecated -W ignore:easy_install command is deprecated setup.py develop --editable --build-directory /home/go/ros2_ws/src/human_tracker/build/human_tracker/build --no-deps symlink_data
[0.903s] Level 1:colcon.colcon_core.shell:create_environment_hook('human_tracker', 'pythonpath_develop')
[0.904s] INFO:colcon.colcon_core.shell:Creating environment hook '/home/go/ros2_ws/src/human_tracker/build/human_tracker/share/human_tracker/hook/pythonpath_develop.ps1'
[0.904s] DEBUG:colcon.colcon_core.event_handler.log_command:Invoked command in '/home/go/ros2_ws/src/human_tracker/build/human_tracker' returned '0': PYTHONPATH=/home/go/ros2_ws/src/human_tracker/build/human_tracker/prefix_override:/usr/lib/python3/dist-packages/colcon_core/task/python/colcon_distutils_commands:/home/go/ros2_ws/src/human_tracker/install/human_tracker/lib/python3.10/site-packages:${PYTHONPATH} /usr/bin/python3 -W ignore:setup.py install is deprecated -W ignore:easy_install command is deprecated setup.py develop --editable --build-directory /home/go/ros2_ws/src/human_tracker/build/human_tracker/build --no-deps symlink_data
[0.904s] INFO:colcon.colcon_core.shell:Creating environment descriptor '/home/go/ros2_ws/src/human_tracker/build/human_tracker/share/human_tracker/hook/pythonpath_develop.dsv'
[0.905s] INFO:colcon.colcon_core.shell:Creating environment hook '/home/go/ros2_ws/src/human_tracker/build/human_tracker/share/human_tracker/hook/pythonpath_develop.sh'
[0.907s] Level 1:colcon.colcon_core.environment:checking '/home/go/ros2_ws/src/human_tracker/install/human_tracker' for CMake module files
[0.907s] Level 1:colcon.colcon_core.environment:checking '/home/go/ros2_ws/src/human_tracker/install/human_tracker' for CMake config files
[0.908s] Level 1:colcon.colcon_core.environment:checking '/home/go/ros2_ws/src/human_tracker/install/human_tracker/lib'
[0.908s] Level 1:colcon.colcon_core.environment:checking '/home/go/ros2_ws/src/human_tracker/install/human_tracker/bin'
[0.908s] Level 1:colcon.colcon_core.environment:checking '/home/go/ros2_ws/src/human_tracker/install/human_tracker/lib/pkgconfig/human_tracker.pc'
[0.908s] Level 1:colcon.colcon_core.environment:checking '/home/go/ros2_ws/src/human_tracker/install/human_tracker/lib/python3.10/site-packages'
[0.908s] Level 1:colcon.colcon_core.shell:create_environment_hook('human_tracker', 'pythonpath')
[0.908s] INFO:colcon.colcon_core.shell:Creating environment hook '/home/go/ros2_ws/src/human_tracker/install/human_tracker/share/human_tracker/hook/pythonpath.ps1'
[0.909s] INFO:colcon.colcon_core.shell:Creating environment descriptor '/home/go/ros2_ws/src/human_tracker/install/human_tracker/share/human_tracker/hook/pythonpath.dsv'
[0.909s] INFO:colcon.colcon_core.shell:Creating environment hook '/home/go/ros2_ws/src/human_tracker/install/human_tracker/share/human_tracker/hook/pythonpath.sh'
[0.909s] Level 1:colcon.colcon_core.environment:checking '/home/go/ros2_ws/src/human_tracker/install/human_tracker/bin'
[0.909s] Level 1:colcon.colcon_core.environment:create_environment_scripts_only(human_tracker)
[0.909s] INFO:colcon.colcon_core.shell:Creating package script '/home/go/ros2_ws/src/human_tracker/install/human_tracker/share/human_tracker/package.ps1'
[0.910s] INFO:colcon.colcon_core.shell:Creating package descriptor '/home/go/ros2_ws/src/human_tracker/install/human_tracker/share/human_tracker/package.dsv'
[0.910s] INFO:colcon.colcon_core.shell:Creating package script '/home/go/ros2_ws/src/human_tracker/install/human_tracker/share/human_tracker/package.sh'
[0.911s] INFO:colcon.colcon_core.shell:Creating package script '/home/go/ros2_ws/src/human_tracker/install/human_tracker/share/human_tracker/package.bash'
[0.911s] INFO:colcon.colcon_core.shell:Creating package script '/home/go/ros2_ws/src/human_tracker/install/human_tracker/share/human_tracker/package.zsh'
[0.911s] Level 1:colcon.colcon_core.environment:create_file_with_runtime_dependencies(/home/go/ros2_ws/src/human_tracker/install/human_tracker/share/colcon-core/packages/human_tracker)
[0.912s] DEBUG:colcon.colcon_parallel_executor.executor.parallel:closing loop
[0.912s] DEBUG:colcon.colcon_parallel_executor.executor.parallel:loop closed
[0.912s] DEBUG:colcon.colcon_parallel_executor.executor.parallel:run_until_complete finished with '0'
[0.912s] DEBUG:colcon.colcon_core.event_reactor:joining thread
[0.917s] INFO:colcon.colcon_core.plugin_system:Skipping extension 'colcon_notification.desktop_notification.terminal_notifier': Not used on non-Darwin systems
[0.917s] INFO:colcon.colcon_core.plugin_system:Skipping extension 'colcon_notification.desktop_notification.win32': Not used on non-Windows systems
[0.917s] INFO:colcon.colcon_notification.desktop_notification:Sending desktop notification using 'notify2'
[0.925s] DEBUG:colcon.colcon_core.event_reactor:joined thread
[0.925s] INFO:colcon.colcon_core.shell:Creating prefix script '/home/go/ros2_ws/src/human_tracker/install/local_setup.ps1'
[0.926s] INFO:colcon.colcon_core.shell:Creating prefix util module '/home/go/ros2_ws/src/human_tracker/install/_local_setup_util_ps1.py'
[0.927s] INFO:colcon.colcon_core.shell:Creating prefix chain script '/home/go/ros2_ws/src/human_tracker/install/setup.ps1'
[0.928s] INFO:colcon.colcon_core.shell:Creating prefix script '/home/go/ros2_ws/src/human_tracker/install/local_setup.sh'
[0.928s] INFO:colcon.colcon_core.shell:Creating prefix util module '/home/go/ros2_ws/src/human_tracker/install/_local_setup_util_sh.py'
[0.929s] INFO:colcon.colcon_core.shell:Creating prefix chain script '/home/go/ros2_ws/src/human_tracker/install/setup.sh'
[0.930s] INFO:colcon.colcon_core.shell:Creating prefix script '/home/go/ros2_ws/src/human_tracker/install/local_setup.bash'
[0.930s] INFO:colcon.colcon_core.shell:Creating prefix chain script '/home/go/ros2_ws/src/human_tracker/install/setup.bash'
[0.931s] INFO:colcon.colcon_core.shell:Creating prefix script '/home/go/ros2_ws/src/human_tracker/install/local_setup.zsh'
[0.931s] INFO:colcon.colcon_core.shell:Creating prefix chain script '/home/go/ros2_ws/src/human_tracker/install/setup.zsh'
